#
# There is insufficient memory for the Java Runtime Environment to continue.
# Native memory allocation (mmap) failed to map 132120576 bytes for G1 virtual space
# Possible reasons:
#   The system is out of physical RAM or swap space
#   The process is running with CompressedOops enabled, and the Java Heap may be blocking the growth of the native heap
# Possible solutions:
#   Reduce memory load on the system
#   Increase physical memory or swap space
#   Check if swap backing store is full
#   Decrease Java heap size (-Xmx/-Xms)
#   Decrease number of Java threads
#   Decrease Java thread stack sizes (-Xss)
#   Set larger code cache with -XX:ReservedCodeCacheSize=
#   JVM is running with Unscaled Compressed Oops mode in which the Java heap is
#     placed in the first 4GB address space. The Java Heap base address is the
#     maximum limit for the native heap growth. Please use -XX:HeapBaseMinAddress
#     to set the Java Heap base and to place the Java Heap above 4GB virtual address.
# This output file may be truncated or incomplete.
#
#  Out of Memory Error (os_windows.cpp:3617), pid=1916, tid=11740
#
# JRE version:  (17.0.8.1+1) (build )
# Java VM: OpenJDK 64-Bit Server VM (17.0.8.1+1-LTS, mixed mode, sharing, tiered, compressed oops, compressed class ptrs, g1 gc, windows-amd64)
# No core dump will be written. Minidumps are not enabled by default on client versions of Windows
#

---------------  S U M M A R Y ------------

Command Line: -Dclassworlds.conf=C:\Program Files\Apache\Maven\apache-maven-3.9.9\bin\m2.conf -Dmaven.home=C:\Program Files\Apache\Maven\apache-maven-3.9.9 -Dlibrary.jansi.path=C:\Program Files\Apache\Maven\apache-maven-3.9.9\lib\jansi-native -Dmaven.multiModuleProjectDirectory=C:\Users\nanou\Desktop\Biblio org.codehaus.plexus.classworlds.launcher.Launcher clean compile

Host: Intel(R) Core(TM) i5-8265U CPU @ 1.60GHz, 8 cores, 7G,  Windows 10 , 64 bit Build 19041 (10.0.19041.5915)
Time: Sun Dec 14 02:16:26 2025 Afr. centrale Ouest elapsed time: 0.015738 seconds (0d 0h 0m 0s)

---------------  T H R E A D  ---------------

Current thread (0x000001fda1e40dd0):  JavaThread "Unknown thread" [_thread_in_vm, id=11740, stack(0x000000cca8c00000,0x000000cca8d00000)]

Stack: [0x000000cca8c00000,0x000000cca8d00000]
Native frames: (J=compiled Java code, j=interpreted, Vv=VM code, C=native code)
V  [jvm.dll+0x679bda]
V  [jvm.dll+0x8360a4]
V  [jvm.dll+0x83784e]
V  [jvm.dll+0x837eb3]
V  [jvm.dll+0x247c4f]
V  [jvm.dll+0x676949]
V  [jvm.dll+0x66b2ba]
V  [jvm.dll+0x305da6]
V  [jvm.dll+0x30d196]
V  [jvm.dll+0x35cb7e]
V  [jvm.dll+0x35cdaf]
V  [jvm.dll+0x2dcfe8]
V  [jvm.dll+0x2ddf54]
V  [jvm.dll+0x807fb1]
V  [jvm.dll+0x36a731]
V  [jvm.dll+0x7e7328]
V  [jvm.dll+0x3edb9f]
V  [jvm.dll+0x3ef791]
C  [jli.dll+0x5287]
C  [ucrtbase.dll+0x21bb2]
C  [KERNEL32.DLL+0x17374]
C  [ntdll.dll+0x4cc91]


---------------  P R O C E S S  ---------------

Threads class SMR info:
_java_thread_list=0x00007ffe856a4678, length=0, elements={
}

Java Threads: ( => current thread )

Other Threads:
  0x000001fda1e9ad40 GCTaskThread "GC Thread#0" [stack: 0x000000cca8d00000,0x000000cca8e00000] [id=21920]
  0x000001fda1eab810 ConcurrentGCThread "G1 Main Marker" [stack: 0x000000cca8e00000,0x000000cca8f00000] [id=12012]
  0x000001fda1eac230 ConcurrentGCThread "G1 Conc#0" [stack: 0x000000cca8f00000,0x000000cca9000000] [id=21624]

[error occurred during error reporting (printing all threads), id 0xc0000005, EXCEPTION_ACCESS_VIOLATION (0xc0000005) at pc=0x00007ffe84e5dbd7]

VM state: not at safepoint (not fully initialized)

VM Mutex/Monitor currently owned by a thread:  ([mutex/lock_event])
[0x000001fda1e3bf70] Heap_lock - owner thread: 0x000001fda1e40dd0

Heap address: 0x0000000082400000, size: 2012 MB, Compressed Oops mode: 32-bit

CDS archive(s) mapped at: [0x0000000000000000-0x0000000000000000-0x0000000000000000), size 0, SharedBaseAddress: 0x0000000800000000, ArchiveRelocationMode: 1.
Narrow klass base: 0x0000000000000000, Narrow klass shift: 0, Narrow klass range: 0x0

GC Precious Log:
<Empty>

Heap:
 garbage-first heap   total 0K, used 0K [0x0000000082400000, 0x0000000100000000)
  region size 1024K, 0 young (0K), 0 survivors (0K)

[error occurred during error reporting (printing heap information), id 0xc0000005, EXCEPTION_ACCESS_VIOLATION (0xc0000005) at pc=0x00007ffe852433a9]

GC Heap History (0 events):
No events

Dll operation events (1 events):
Event: 0.009 Loaded shared library C:\Users\nanou\Desktop\jdk-17.0.8.1-full\bin\java.dll

Deoptimization events (0 events):
No events

Classes unloaded (0 events):
No events

Classes redefined (0 events):
No events

Internal exceptions (0 events):
No events

VM Operations (0 events):
No events

Events (0 events):
No events


Dynamic libraries:
0x00007ff730ba0000 - 0x00007ff730bae000 	C:\Users\nanou\Desktop\jdk-17.0.8.1-full\bin\java.exe
0x00007fff0e2b0000 - 0x00007fff0e4a8000 	C:\Windows\SYSTEM32\ntdll.dll
0x00007fff0c4d0000 - 0x00007fff0c592000 	C:\Windows\System32\KERNEL32.DLL
0x00007fff0bc00000 - 0x00007fff0bef6000 	C:\Windows\System32\KERNELBASE.dll
0x00007fff0bb00000 - 0x00007fff0bc00000 	C:\Windows\System32\ucrtbase.dll
0x00007ffeff650000 - 0x00007ffeff667000 	C:\Users\nanou\Desktop\jdk-17.0.8.1-full\bin\jli.dll
0x00007fff0d1f0000 - 0x00007fff0d391000 	C:\Windows\System32\USER32.dll
0x00007ffef9200000 - 0x00007ffef921b000 	C:\Users\nanou\Desktop\jdk-17.0.8.1-full\bin\VCRUNTIME140.dll
0x00007fff0b940000 - 0x00007fff0b962000 	C:\Windows\System32\win32u.dll
0x00007ffef7f40000 - 0x00007ffef81db000 	C:\Windows\WinSxS\amd64_microsoft.windows.common-controls_6595b64144ccf1df_6.0.19041.6456_none_60b8a6cb71f64256\COMCTL32.dll
0x00007fff0c7e0000 - 0x00007fff0c80b000 	C:\Windows\System32\GDI32.dll
0x00007fff0dd50000 - 0x00007fff0ddee000 	C:\Windows\System32\msvcrt.dll
0x00007fff0c100000 - 0x00007fff0c219000 	C:\Windows\System32\gdi32full.dll
0x00007fff0bf00000 - 0x00007fff0bf9d000 	C:\Windows\System32\msvcp_win.dll
0x00007fff0c380000 - 0x00007fff0c3af000 	C:\Windows\System32\IMM32.DLL
0x00007ffeefaa0000 - 0x00007ffeefaac000 	C:\Users\nanou\Desktop\jdk-17.0.8.1-full\bin\vcruntime140_1.dll
0x00007ffeb1520000 - 0x00007ffeb15ae000 	C:\Users\nanou\Desktop\jdk-17.0.8.1-full\bin\msvcp140.dll
0x00007ffe84b70000 - 0x00007ffe857d7000 	C:\Users\nanou\Desktop\jdk-17.0.8.1-full\bin\server\jvm.dll
0x00007fff0dc90000 - 0x00007fff0dd41000 	C:\Windows\System32\ADVAPI32.dll
0x00007fff0e1d0000 - 0x00007fff0e26f000 	C:\Windows\System32\sechost.dll
0x00007fff0c650000 - 0x00007fff0c770000 	C:\Windows\System32\RPCRT4.dll
0x00007fff0b9f0000 - 0x00007fff0ba17000 	C:\Windows\System32\bcrypt.dll
0x00007ffef4ab0000 - 0x00007ffef4ab9000 	C:\Windows\SYSTEM32\WSOCK32.dll
0x00007ffef9ea0000 - 0x00007ffef9ec7000 	C:\Windows\SYSTEM32\WINMM.dll
0x00007fff0aee0000 - 0x00007fff0af2b000 	C:\Windows\SYSTEM32\POWRPROF.dll
0x00007fff0c770000 - 0x00007fff0c7db000 	C:\Windows\System32\WS2_32.dll
0x00007fff069d0000 - 0x00007fff069da000 	C:\Windows\SYSTEM32\VERSION.dll
0x00007fff0ad40000 - 0x00007fff0ad52000 	C:\Windows\SYSTEM32\UMPDC.dll
0x00007fff0a110000 - 0x00007fff0a122000 	C:\Windows\SYSTEM32\kernel.appcore.dll
0x00007ffeeeb30000 - 0x00007ffeeeb3a000 	C:\Users\nanou\Desktop\jdk-17.0.8.1-full\bin\jimage.dll
0x00007fff09500000 - 0x00007fff09701000 	C:\Windows\SYSTEM32\DBGHELP.DLL
0x00007ffef3ac0000 - 0x00007ffef3af4000 	C:\Windows\SYSTEM32\dbgcore.DLL
0x00007fff0ba70000 - 0x00007fff0baf2000 	C:\Windows\System32\bcryptPrimitives.dll
0x00007ffed8750000 - 0x00007ffed8775000 	C:\Users\nanou\Desktop\jdk-17.0.8.1-full\bin\java.dll

dbghelp: loaded successfully - version: 4.0.5 - missing functions: none
symbol engine: initialized successfully - sym options: 0x614 - pdb path: .;C:\Users\nanou\Desktop\jdk-17.0.8.1-full\bin;C:\Windows\SYSTEM32;C:\Windows\WinSxS\amd64_microsoft.windows.common-controls_6595b64144ccf1df_6.0.19041.6456_none_60b8a6cb71f64256;C:\Users\nanou\Desktop\jdk-17.0.8.1-full\bin\server

VM Arguments:
jvm_args: -Dclassworlds.conf=C:\Program Files\Apache\Maven\apache-maven-3.9.9\bin\m2.conf -Dmaven.home=C:\Program Files\Apache\Maven\apache-maven-3.9.9 -Dlibrary.jansi.path=C:\Program Files\Apache\Maven\apache-maven-3.9.9\lib\jansi-native -Dmaven.multiModuleProjectDirectory=C:\Users\nanou\Desktop\Biblio 
java_command: org.codehaus.plexus.classworlds.launcher.Launcher clean compile
java_class_path (initial): C:\Program Files\Apache\Maven\apache-maven-3.9.9\boot\plexus-classworlds-2.8.0.jar
Launcher Type: SUN_STANDARD

[Global flags]
     intx CICompilerCount                          = 4                                         {product} {ergonomic}
     uint ConcGCThreads                            = 2                                         {product} {ergonomic}
     uint G1ConcRefinementThreads                  = 8                                         {product} {ergonomic}
   size_t G1HeapRegionSize                         = 1048576                                   {product} {ergonomic}
    uintx GCDrainStackTargetSize                   = 64                                        {product} {ergonomic}
   size_t InitialHeapSize                          = 132120576                                 {product} {ergonomic}
   size_t MarkStackSize                            = 4194304                                   {product} {ergonomic}
   size_t MaxHeapSize                              = 2109734912                                {product} {ergonomic}
   size_t MinHeapDeltaBytes                        = 1048576                                   {product} {ergonomic}
   size_t MinHeapSize                              = 8388608                                   {product} {ergonomic}
    uintx NonNMethodCodeHeapSize                   = 5839372                                {pd product} {ergonomic}
    uintx NonProfiledCodeHeapSize                  = 122909434                              {pd product} {ergonomic}
    uintx ProfiledCodeHeapSize                     = 122909434                              {pd product} {ergonomic}
    uintx ReservedCodeCacheSize                    = 251658240                              {pd product} {ergonomic}
     bool SegmentedCodeCache                       = true                                      {product} {ergonomic}
   size_t SoftMaxHeapSize                          = 2109734912                             {manageable} {ergonomic}
     bool UseCompressedClassPointers               = true                           {product lp64_product} {ergonomic}
     bool UseCompressedOops                        = true                           {product lp64_product} {ergonomic}
     bool UseG1GC                                  = true                                      {product} {ergonomic}
     bool UseLargePagesIndividualAllocation        = false                                  {pd product} {ergonomic}

Logging:
Log output configuration:
 #0: stdout all=warning uptime,level,tags
 #1: stderr all=off uptime,level,tags

Environment Variables:
JAVA_HOME=C:\Users\nanou\Desktop\jdk-17.0.8.1-full
PATH=C:\Users\nanou\Desktop\php-8.1.32-Win32-vs16-x64;C:\Python313\Scripts\;C:\Python313\;C:\app\nanou\product\21c\dbhomeXE\bin;C:\Program Files\Python38\Scripts\;C:\Program Files\Python38\;C:\Windows\system32;C:\Windows;C:\Windows\System32\Wbem;C:\Windows\System32\WindowsPowerShell\v1.0\;C:\Windows\System32\OpenSSH\;C:\Program Files\Git\cmd;C:\Users\nanou\Desktop\jdk-17.0.8.1-full\bin;C:\Users\nanou\Desktop\jre1.8.0_351\bin;C:\Program Files\mingw64\bin;c:\users\nanou\appdata\roaming\python\python38\site-packages;D:\apache-maven-3.9.6\apache-maven\src\bin;C:\xampp\php;C:\composer;C:\Program Files\nodejs\;C:\ProgramData\chocolatey\bin;C:\Program Files\Apache\Maven\apache-maven-3.9.9\bin;C:\Program Files\Docker\Docker\resources\bin;c:\Users\nanou\AppData\Local\Programs\cursor\resources\app\bin;C:\Users\nanou\Desktop\php-8.1.32-Win32-vs16-x64;C:\Users\nanou\scoop\shims;C:\Program Files\MySQL\MySQL Shell 8.0\bin\;C:\Users\nanou\AppData\Local\Microsoft\WindowsApps;C:\Users\nanou\AppData\Local\Programs\Microsoft VS Code\bin;C:\Program Files\MongoDB\Server\5.0\bin;C:\Program Files\mingw64\bin;C:\Users\nanou\Desktop\jdk-17.0.8.1-full\bin;C:\Users\nanou\Desktop\jre1.8.0_351\bin;c:\users\nanou\appdata\roaming\python\python38\site-packages;D:\apache-maven-3.9.6\apache-maven\src\bin;C:\Users\nanou\AppData\Roaming\Composer\vendor\bin;C:\Windows\System32;C:\Users\nanou\AppData\Local\GitHubDesktop\bin;C:\Users\nanou\AppData\Local\Microsoft\WinGet\Packages\Schniz.fnm_Microsoft.Winget.Source_8wekyb3d8bbwe;C:\Users\nanou\AppData\Roaming\npm;C:\xampp\mysql\bin;C:\flutter\bin;C:\Users\nanou\AppData\Local\Programs\cursor\resources\app\bin
USERNAME=nanou
TERM=dumb
OS=Windows_NT
PROCESSOR_IDENTIFIER=Intel64 Family 6 Model 142 Stepping 12, GenuineIntel
TMP=C:\Users\nanou\AppData\Local\Temp
TEMP=C:\Users\nanou\AppData\Local\Temp



---------------  S Y S T E M  ---------------

OS:
 Windows 10 , 64 bit Build 19041 (10.0.19041.5915)
OS uptime: 2 days 3:12 hours
Hyper-V role detected

CPU: total 8 (initial active 8) (4 cores per cpu, 2 threads per core) family 6 model 142 stepping 12 microcode 0xde, cx8, cmov, fxsr, ht, mmx, 3dnowpref, sse, sse2, sse3, ssse3, sse4.1, sse4.2, popcnt, lzcnt, tsc, tscinvbit, avx, avx2, aes, erms, clmul, bmi1, bmi2, adx, fma, vzeroupper, clflush, clflushopt, hv
Processor Information for all 8 processors :
  Max Mhz: 1800, Current Mhz: 1600, Mhz Limit: 1584

Memory: 4k page, system-wide physical 8043M (511M free)
TotalPageFile size 32619M (AvailPageFile size 30M)
current process WorkingSet (physical memory assigned to process): 10M, peak: 10M
current process commit charge ("private bytes"): 60M, peak: 186M

vm_info: OpenJDK 64-Bit Server VM (17.0.8.1+1-LTS) for windows-amd64 JRE (17.0.8.1+1-LTS), built on Aug 22 2023 02:12:42 by "" with MS VC++ 17.1 (VS2022)

END.
