#
# There is insufficient memory for the Java Runtime Environment to continue.
# Native memory allocation (mmap) failed to map 132120576 bytes for G1 virtual space
# Possible reasons:
#   The system is out of physical RAM or swap space
#   The process is running with CompressedOops enabled, and the Java Heap may be blocking the growth of the native heap
# Possible solutions:
#   Reduce memory load on the system
#   Increase physical memory or swap space
#   Check if swap backing store is full
#   Decrease Java heap size (-Xmx/-Xms)
#   Decrease number of Java threads
#   Decrease Java thread stack sizes (-Xss)
#   Set larger code cache with -XX:ReservedCodeCacheSize=
#   JVM is running with Unscaled Compressed Oops mode in which the Java heap is
#     placed in the first 4GB address space. The Java Heap base address is the
#     maximum limit for the native heap growth. Please use -XX:HeapBaseMinAddress
#     to set the Java Heap base and to place the Java Heap above 4GB virtual address.
# This output file may be truncated or incomplete.
#
#  Out of Memory Error (os_windows.cpp:3617), pid=14900, tid=8244
#
# JRE version:  (17.0.8.1+1) (build )
# Java VM: OpenJDK 64-Bit Server VM (17.0.8.1+1-LTS, mixed mode, sharing, tiered, compressed oops, compressed class ptrs, g1 gc, windows-amd64)
# No core dump will be written. Minidumps are not enabled by default on client versions of Windows
#

---------------  S U M M A R Y ------------

Command Line: -Dclassworlds.conf=C:\Program Files\Apache\Maven\apache-maven-3.9.9\bin\m2.conf -Dmaven.home=C:\Program Files\Apache\Maven\apache-maven-3.9.9 -Dlibrary.jansi.path=C:\Program Files\Apache\Maven\apache-maven-3.9.9\lib\jansi-native -Dmaven.multiModuleProjectDirectory=C:\Users\nanou\Desktop\Biblio org.codehaus.plexus.classworlds.launcher.Launcher test -Dtest=BibliothequeServiceTest

Host: Intel(R) Core(TM) i5-8265U CPU @ 1.60GHz, 8 cores, 7G,  Windows 10 , 64 bit Build 19041 (10.0.19041.5915)
Time: Tue Dec 16 21:54:34 2025 Afr. centrale Ouest elapsed time: 0.011846 seconds (0d 0h 0m 0s)

---------------  T H R E A D  ---------------

Current thread (0x000001aa5ac63970):  JavaThread "Unknown thread" [_thread_in_vm, id=8244, stack(0x0000008b24400000,0x0000008b24500000)]

Stack: [0x0000008b24400000,0x0000008b24500000]
Native frames: (J=compiled Java code, j=interpreted, Vv=VM code, C=native code)
V  [jvm.dll+0x679bda]
V  [jvm.dll+0x8360a4]
V  [jvm.dll+0x83784e]
V  [jvm.dll+0x837eb3]
V  [jvm.dll+0x247c4f]
V  [jvm.dll+0x676949]
V  [jvm.dll+0x66b2ba]
V  [jvm.dll+0x305da6]
V  [jvm.dll+0x30d196]
V  [jvm.dll+0x35cb7e]
V  [jvm.dll+0x35cdaf]
V  [jvm.dll+0x2dcfe8]
V  [jvm.dll+0x2ddf54]
V  [jvm.dll+0x807fb1]
V  [jvm.dll+0x36a731]
V  [jvm.dll+0x7e7328]
V  [jvm.dll+0x3edb9f]
V  [jvm.dll+0x3ef791]
C  [jli.dll+0x5287]
C  [ucrtbase.dll+0x21bb2]
C  [KERNEL32.DLL+0x17374]
C  [ntdll.dll+0x4cc91]


---------------  P R O C E S S  ---------------

Threads class SMR info:
_java_thread_list=0x00007ffcec014678, length=0, elements={
}

Java Threads: ( => current thread )

Other Threads:
  0x000001aa5acbfb50 GCTaskThread "GC Thread#0" [stack: 0x0000008b24500000,0x0000008b24600000] [id=22152]
  0x000001aa5acd0620 ConcurrentGCThread "G1 Main Marker" [stack: 0x0000008b24600000,0x0000008b24700000] [id=20992]
  0x000001aa5acd1030 ConcurrentGCThread "G1 Conc#0" [stack: 0x0000008b24700000,0x0000008b24800000] [id=17444]

[error occurred during error reporting (printing all threads), id 0xc0000005, EXCEPTION_ACCESS_VIOLATION (0xc0000005) at pc=0x00007ffceb7cdbd7]

VM state: not at safepoint (not fully initialized)

VM Mutex/Monitor currently owned by a thread:  ([mutex/lock_event])
[0x000001aa5ac5f920] Heap_lock - owner thread: 0x000001aa5ac63970

Heap address: 0x0000000082400000, size: 2012 MB, Compressed Oops mode: 32-bit

CDS archive(s) mapped at: [0x0000000000000000-0x0000000000000000-0x0000000000000000), size 0, SharedBaseAddress: 0x0000000800000000, ArchiveRelocationMode: 1.
Narrow klass base: 0x0000000000000000, Narrow klass shift: 0, Narrow klass range: 0x0

GC Precious Log:
<Empty>

Heap:
 garbage-first heap   total 0K, used 0K [0x0000000082400000, 0x0000000100000000)
  region size 1024K, 0 young (0K), 0 survivors (0K)

[error occurred during error reporting (printing heap information), id 0xc0000005, EXCEPTION_ACCESS_VIOLATION (0xc0000005) at pc=0x00007ffcebbb33a9]

GC Heap History (0 events):
No events

Dll operation events (1 events):
Event: 0.005 Loaded shared library C:\Users\nanou\Desktop\jdk-17.0.8.1-full\bin\java.dll

Deoptimization events (0 events):
No events

Classes unloaded (0 events):
No events

Classes redefined (0 events):
No events

Internal exceptions (0 events):
No events

VM Operations (0 events):
No events

Events (0 events):
No events


Dynamic libraries:
0x00007ff7843e0000 - 0x00007ff7843ee000 	C:\Users\nanou\Desktop\jdk-17.0.8.1-full\bin\java.exe
0x00007ffd73b10000 - 0x00007ffd73d08000 	C:\Windows\SYSTEM32\ntdll.dll
0x00007ffd71b30000 - 0x00007ffd71bf2000 	C:\Windows\System32\KERNEL32.DLL
0x00007ffd716d0000 - 0x00007ffd719c6000 	C:\Windows\System32\KERNELBASE.dll
0x00007ffd715d0000 - 0x00007ffd716d0000 	C:\Windows\System32\ucrtbase.dll
0x00007ffd6aea0000 - 0x00007ffd6aeb7000 	C:\Users\nanou\Desktop\jdk-17.0.8.1-full\bin\jli.dll
0x00007ffd455d0000 - 0x00007ffd455eb000 	C:\Users\nanou\Desktop\jdk-17.0.8.1-full\bin\VCRUNTIME140.dll
0x00007ffd72390000 - 0x00007ffd72531000 	C:\Windows\System32\USER32.dll
0x00007ffd71b00000 - 0x00007ffd71b22000 	C:\Windows\System32\win32u.dll
0x00007ffd5d600000 - 0x00007ffd5d89b000 	C:\Windows\WinSxS\amd64_microsoft.windows.common-controls_6595b64144ccf1df_6.0.19041.6456_none_60b8a6cb71f64256\COMCTL32.dll
0x00007ffd72010000 - 0x00007ffd7203b000 	C:\Windows\System32\GDI32.dll
0x00007ffd722e0000 - 0x00007ffd7237e000 	C:\Windows\System32\msvcrt.dll
0x00007ffd71480000 - 0x00007ffd71599000 	C:\Windows\System32\gdi32full.dll
0x00007ffd711f0000 - 0x00007ffd7128d000 	C:\Windows\System32\msvcp_win.dll
0x00007ffd72100000 - 0x00007ffd7212f000 	C:\Windows\System32\IMM32.DLL
0x00007ffd49b10000 - 0x00007ffd49b1c000 	C:\Users\nanou\Desktop\jdk-17.0.8.1-full\bin\vcruntime140_1.dll
0x00007ffd067a0000 - 0x00007ffd0682e000 	C:\Users\nanou\Desktop\jdk-17.0.8.1-full\bin\msvcp140.dll
0x00007ffceb4e0000 - 0x00007ffcec147000 	C:\Users\nanou\Desktop\jdk-17.0.8.1-full\bin\server\jvm.dll
0x00007ffd72040000 - 0x00007ffd720f1000 	C:\Windows\System32\ADVAPI32.dll
0x00007ffd73950000 - 0x00007ffd739ef000 	C:\Windows\System32\sechost.dll
0x00007ffd721c0000 - 0x00007ffd722e0000 	C:\Windows\System32\RPCRT4.dll
0x00007ffd715a0000 - 0x00007ffd715c7000 	C:\Windows\System32\bcrypt.dll
0x00007ffd575d0000 - 0x00007ffd575d9000 	C:\Windows\SYSTEM32\WSOCK32.dll
0x00007ffd70740000 - 0x00007ffd7078b000 	C:\Windows\SYSTEM32\POWRPROF.dll
0x00007ffd5f4e0000 - 0x00007ffd5f507000 	C:\Windows\SYSTEM32\WINMM.dll
0x00007ffd71e10000 - 0x00007ffd71e7b000 	C:\Windows\System32\WS2_32.dll
0x00007ffd6c210000 - 0x00007ffd6c21a000 	C:\Windows\SYSTEM32\VERSION.dll
0x00007ffd705a0000 - 0x00007ffd705b2000 	C:\Windows\SYSTEM32\UMPDC.dll
0x00007ffd6f970000 - 0x00007ffd6f982000 	C:\Windows\SYSTEM32\kernel.appcore.dll
0x00007ffd45640000 - 0x00007ffd4564a000 	C:\Users\nanou\Desktop\jdk-17.0.8.1-full\bin\jimage.dll
0x00007ffd6ed40000 - 0x00007ffd6ef41000 	C:\Windows\SYSTEM32\DBGHELP.DLL
0x00007ffd57bb0000 - 0x00007ffd57be4000 	C:\Windows\SYSTEM32\dbgcore.DLL
0x00007ffd71290000 - 0x00007ffd71312000 	C:\Windows\System32\bcryptPrimitives.dll
0x00007ffd450e0000 - 0x00007ffd45105000 	C:\Users\nanou\Desktop\jdk-17.0.8.1-full\bin\java.dll

dbghelp: loaded successfully - version: 4.0.5 - missing functions: none
symbol engine: initialized successfully - sym options: 0x614 - pdb path: .;C:\Users\nanou\Desktop\jdk-17.0.8.1-full\bin;C:\Windows\SYSTEM32;C:\Windows\WinSxS\amd64_microsoft.windows.common-controls_6595b64144ccf1df_6.0.19041.6456_none_60b8a6cb71f64256;C:\Users\nanou\Desktop\jdk-17.0.8.1-full\bin\server

VM Arguments:
jvm_args: -Dclassworlds.conf=C:\Program Files\Apache\Maven\apache-maven-3.9.9\bin\m2.conf -Dmaven.home=C:\Program Files\Apache\Maven\apache-maven-3.9.9 -Dlibrary.jansi.path=C:\Program Files\Apache\Maven\apache-maven-3.9.9\lib\jansi-native -Dmaven.multiModuleProjectDirectory=C:\Users\nanou\Desktop\Biblio 
java_command: org.codehaus.plexus.classworlds.launcher.Launcher test -Dtest=BibliothequeServiceTest
java_class_path (initial): C:\Program Files\Apache\Maven\apache-maven-3.9.9\boot\plexus-classworlds-2.8.0.jar
Launcher Type: SUN_STANDARD

[Global flags]
     intx CICompilerCount                          = 4                                         {product} {ergonomic}
     uint ConcGCThreads                            = 2                                         {product} {ergonomic}
     uint G1ConcRefinementThreads                  = 8                                         {product} {ergonomic}
   size_t G1HeapRegionSize                         = 1048576                                   {product} {ergonomic}
    uintx GCDrainStackTargetSize                   = 64                                        {product} {ergonomic}
   size_t InitialHeapSize                          = 132120576                                 {product} {ergonomic}
   size_t MarkStackSize                            = 4194304                                   {product} {ergonomic}
   size_t MaxHeapSize                              = 2109734912                                {product} {ergonomic}
   size_t MinHeapDeltaBytes                        = 1048576                                   {product} {ergonomic}
   size_t MinHeapSize                              = 8388608                                   {product} {ergonomic}
    uintx NonNMethodCodeHeapSize                   = 5839372                                {pd product} {ergonomic}
    uintx NonProfiledCodeHeapSize                  = 122909434                              {pd product} {ergonomic}
    uintx ProfiledCodeHeapSize                     = 122909434                              {pd product} {ergonomic}
    uintx ReservedCodeCacheSize                    = 251658240                              {pd product} {ergonomic}
     bool SegmentedCodeCache                       = true                                      {product} {ergonomic}
   size_t SoftMaxHeapSize                          = 2109734912                             {manageable} {ergonomic}
     bool UseCompressedClassPointers               = true                           {product lp64_product} {ergonomic}
     bool UseCompressedOops                        = true                           {product lp64_product} {ergonomic}
     bool UseG1GC                                  = true                                      {product} {ergonomic}
     bool UseLargePagesIndividualAllocation        = false                                  {pd product} {ergonomic}

Logging:
Log output configuration:
 #0: stdout all=warning uptime,level,tags
 #1: stderr all=off uptime,level,tags

Environment Variables:
JAVA_HOME=C:\\Users\\nanou\\Desktop\\jdk-17.0.8.1-full
PATH=C:\\Users\\nanou\\Desktop\\jdk-17.0.8.1-full\\bin;C:\\Users\\nanou\\.trae\\tools\\maven\\latest\\bin;C:\\Users\\nanou\\.trae\\tools\\gradle\\latest\\bin;c:\\Users\\nanou\\.trae\\sdks\\workspaces\\1105f270\\versions\\node\\current;c:\\Users\\nanou\\.trae\\sdks\\versions\\node\\current;C:\Users\nanou\Desktop\jdk-17.0.8.1-full\bin;C:\Users\nanou\.trae\tools\maven\latest\bin;C:\Users\nanou\.trae\tools\gradle\latest\bin;c:\Users\nanou\.trae\sdks\workspaces\1105f270\versions\node\current;c:\Users\nanou\.trae\sdks\versions\node\current;C:\Users\nanou\Desktop\php-8.1.32-Win32-vs16-x64;C:\Python313\Scripts\;C:\Python313\;C:\app\nanou\product\21c\dbhomeXE\bin;C:\Program Files\Python38\Scripts\;C:\Program Files\Python38\;C:\Windows\system32;C:\Windows;C:\Windows\System32\Wbem;C:\Windows\System32\WindowsPowerShell\v1.0\;C:\Windows\System32\OpenSSH\;C:\Program Files\Git\cmd;C:\Users\nanou\Desktop\jdk-17.0.8.1-full\bin;C:\Users\nanou\Desktop\jre1.8.0_351\bin;C:\Program Files\mingw64\bin;c:\users\nanou\appdata\roaming\python\python38\site-packages;D:\apache-maven-3.9.6\apache-maven\src\bin;C:\xampp\php;C:\composer;C:\Program Files\nodejs\;C:\ProgramData\chocolatey\bin;C:\Program Files\Apache\Maven\apache-maven-3.9.9\bin;C:\Program Files\Docker\Docker\resources\bin;c:\Users\nanou\AppData\Local\Programs\cursor\resources\app\bin;C:\Users\nanou\Desktop\php-8.1.32-Win32-vs16-x64;C:\Users\nanou\scoop\shims;C:\Program Files\MySQL\MySQL Shell 8.0\bin\;C:\Users\nanou\AppData\Local\Microsoft\WindowsApps;C:\Users\nanou\AppData\Local\Programs\Microsoft VS Code\bin;C:\Program Files\MongoDB\Server\5.0\bin;C:\Program Files\mingw64\bin;C:\Users\nanou\Desktop\jdk-17.0.8.1-full\bin;C:\Users\nanou\Desktop\jre1.8.0_351\bin;c:\users\nanou\appdata\roaming\python\python38\site-packages;D:\apache-maven-3.9.6\apache-maven\src\bin;C:\Users\nanou\AppData\Roaming\Composer\vendor\bin;C:\Windows\System32;C:\Users\nanou\AppData\Local\GitHubDesktop\bin;C:\Users\nanou\AppData\Local\Microsoft\WinGet\Packages\Sch
USERNAME=nanou
LANG=en_US.UTF-8
OS=Windows_NT
PROCESSOR_IDENTIFIER=Intel64 Family 6 Model 142 Stepping 12, GenuineIntel
TMP=C:\Users\nanou\AppData\Local\Temp
TEMP=C:\Users\nanou\AppData\Local\Temp



---------------  S Y S T E M  ---------------

OS:
 Windows 10 , 64 bit Build 19041 (10.0.19041.5915)
OS uptime: 0 days 1:38 hours
Hyper-V role detected

CPU: total 8 (initial active 8) (4 cores per cpu, 2 threads per core) family 6 model 142 stepping 12 microcode 0xde, cx8, cmov, fxsr, ht, mmx, 3dnowpref, sse, sse2, sse3, ssse3, sse4.1, sse4.2, popcnt, lzcnt, tsc, tscinvbit, avx, avx2, aes, erms, clmul, bmi1, bmi2, adx, fma, vzeroupper, clflush, clflushopt, hv
Processor Information for all 8 processors :
  Max Mhz: 1800, Current Mhz: 1600, Mhz Limit: 1584

Memory: 4k page, system-wide physical 8043M (451M free)
TotalPageFile size 32619M (AvailPageFile size 41M)
current process WorkingSet (physical memory assigned to process): 10M, peak: 10M
current process commit charge ("private bytes"): 60M, peak: 186M

vm_info: OpenJDK 64-Bit Server VM (17.0.8.1+1-LTS) for windows-amd64 JRE (17.0.8.1+1-LTS), built on Aug 22 2023 02:12:42 by "" with MS VC++ 17.1 (VS2022)

END.
